<?xml version="1.0" encoding="UTF-8"?>
<testng-results ignored="0" total="1" passed="1" failed="0" skipped="0">
  <reporter-output>
  </reporter-output>
  <suite started-at="2018-12-11T09:45:29Z" name="Default suite" finished-at="2018-12-11T09:45:29Z" duration-ms="55">
    <groups>
    </groups>
    <test started-at="2018-12-11T09:45:29Z" name="Default test" finished-at="2018-12-11T09:45:29Z" duration-ms="55">
      <class name="jenkinsTest.HelloWorld">
        <test-method signature="demo()[pri:0, instance:jenkinsTest.HelloWorld@77f80c04]" started-at="2018-12-11T09:45:29Z" name="demo" finished-at="2018-12-11T09:45:29Z" duration-ms="22" status="PASS">
          <reporter-output>
          </reporter-output>
        </test-method> <!-- demo -->
      </class> <!-- jenkinsTest.HelloWorld -->
    </test> <!-- Default test -->
  </suite> <!-- Default suite -->
</testng-results>
